<?xml version="1.0" encoding="UTF-8"?>
<!-- Generated by org.testng.reporters.JUnitReportReporter -->
<testsuite hostname="DESKTOP-BKUCIQL" failures="0" tests="1" name="com.sample_package.sampleclass1_Test" time="0.019" errors="0" timestamp="18 Jan 2023 07:56:29 GMT">
  <testcase classname="com.sample_package.sampleclass1_Test" name="createTest" time="0.019"/>
</testsuite> <!-- com.sample_package.sampleclass1_Test -->
