<?xml version="1.0" encoding="UTF-8"?>
<!-- Generated by org.testng.reporters.JUnitReportReporter -->
<testsuite hostname="DESKTOP-BKUCIQL" failures="0" tests="1" name="com.sample_package.CreateTest" time="0.017" errors="0" timestamp="18 Jan 2023 09:18:16 GMT">
  <testcase classname="com.sample_package.CreateTest" name="parameter" time="0.017"/>
</testsuite> <!-- com.sample_package.CreateTest -->
